<?xml version="1.0" encoding="UTF-8"?>
<!-- Generated by org.testng.reporters.JUnitReportReporter -->
<testsuite hostname="LAPTOP-IB48B2FM" failures="0" tests="1" name="variousConcept.learnDropDown" time="5.843" errors="0" timestamp="2021-10-04T20:57:00 CDT" skipped="0">
  <testcase classname="variousConcept.learnDropDown" name="homeWork" time="5.843"/>
  <system-out/>
</testsuite> <!-- variousConcept.learnDropDown -->
