<?xml version="1.0" encoding="UTF-8"?>
<!-- Generated by org.testng.reporters.JUnitReportReporter -->
<testsuite hostname="LAPTOP-IB48B2FM" failures="0" tests="1" name="Session5HW.HW" time="12.568" errors="0" timestamp="2021-10-01T21:16:45 CDT" skipped="0">
  <testcase classname="Session5HW.HW" name="homeWork" time="12.568"/>
  <system-out/>
</testsuite> <!-- Session5HW.HW -->
