<?xml version="1.0" encoding="UTF-8"?>
<!-- Generated by org.testng.reporters.JUnitReportReporter -->
<testsuite hostname="LAPTOP-IB48B2FM" failures="0" tests="1" name="variousConcept.learnKeyboardEvent" time="2.726" errors="0" timestamp="2021-09-30T23:06:46 CDT" skipped="0">
  <testcase classname="variousConcept.learnKeyboardEvent" name="testKeyboardEvent" time="2.726"/>
  <system-out/>
</testsuite> <!-- variousConcept.learnKeyboardEvent -->
