<?xml version="1.0" encoding="UTF-8"?>
<!-- Generated by org.testng.reporters.JUnitReportReporter -->
<testsuite hostname="LAPTOP-IB48B2FM" failures="0" tests="1" name="variousConcept.AlertPopup" time="5.260" errors="0" timestamp="2021-09-30T19:53:11 CDT" skipped="0">
  <testcase classname="variousConcept.AlertPopup" name="testAlertPopup" time="5.260"/>
  <system-out/>
</testsuite> <!-- variousConcept.AlertPopup -->
