<?xml version="1.0" encoding="UTF-8"?>
<!-- Generated by org.testng.reporters.JUnitReportReporter -->
<testsuite hostname="LAPTOP-IB48B2FM" failures="0" tests="1" name="variousConcept.iFrame" time="4.587" errors="0" timestamp="2021-09-30T22:52:26 CDT" skipped="0">
  <testcase classname="variousConcept.iFrame" name="testiFrame" time="4.587"/>
  <system-out/>
</testsuite> <!-- variousConcept.iFrame -->
