<?xml version="1.0" encoding="UTF-8"?>
<!-- Generated by org.testng.reporters.JUnitReportReporter -->
<testsuite hostname="LAPTOP-IB48B2FM" failures="0" tests="1" name="variousConcept.windowHandle" time="9.579" errors="0" timestamp="2021-10-04T16:51:44 CDT" skipped="0">
  <testcase classname="variousConcept.windowHandle" name="testWindowHandle" time="9.579"/>
  <system-out/>
</testsuite> <!-- variousConcept.windowHandle -->
