<?xml version="1.0" encoding="UTF-8"?>
<!-- Generated by org.testng.reporters.JUnitReportReporter -->
<testsuite hostname="LAPTOP-IB48B2FM" failures="0" tests="1" name="variousConcept.Alertpopopexcersice" time="5.544" errors="0" timestamp="2021-10-04T21:03:11 CDT" skipped="0">
  <testcase classname="variousConcept.Alertpopopexcersice" name="testAlertpopop" time="5.544"/>
  <system-out/>
</testsuite> <!-- variousConcept.Alertpopopexcersice -->
